Replace Part C1 GMC10X7R475K10NT in C:\Users\truth\OneDrive\Desktop\ACADEMICS\ENGN1650\engn1650-bici-pcb\bici-pcb\bici-power.SchDoc with GMC10X7R475K10NT from bici_components_abby.IntLib
Replace Part C2 GMC10X7R475K10NT in C:\Users\truth\OneDrive\Desktop\ACADEMICS\ENGN1650\engn1650-bici-pcb\bici-pcb\bici-power.SchDoc with GMC10X7R475K10NT from bici_components_abby.IntLib
Replace Part C3 GRM188R60J106ME84D in C:\Users\truth\OneDrive\Desktop\ACADEMICS\ENGN1650\engn1650-bici-pcb\bici-pcb\bici-power.SchDoc with GRM188R60J106ME84D from bici_components_abby.IntLib
Replace Part C4 GRM188R60J106ME84D in C:\Users\truth\OneDrive\Desktop\ACADEMICS\ENGN1650\engn1650-bici-pcb\bici-pcb\bici-power.SchDoc with GRM188R60J106ME84D from bici_components_abby.IntLib
Replace Part C5 GRM188R60J106ME84D in C:\Users\truth\OneDrive\Desktop\ACADEMICS\ENGN1650\engn1650-bici-pcb\bici-pcb\bici-power.SchDoc with GRM188R60J106ME84D from bici_components_abby.IntLib
Replace Part D1 T1681UY--20C000212U1930 in C:\Users\truth\OneDrive\Desktop\ACADEMICS\ENGN1650\engn1650-bici-pcb\bici-pcb\bici-power.SchDoc with T1681UY--20C000212U1930 from bici_components_abby.IntLib
Replace Part J1 10164359-00011LF in C:\Users\truth\OneDrive\Desktop\ACADEMICS\ENGN1650\engn1650-bici-pcb\bici-pcb\bici-power.SchDoc with 10164359-00011LF from bici_components_abby.IntLib
Replace Part J2 0530480210 in C:\Users\truth\OneDrive\Desktop\ACADEMICS\ENGN1650\engn1650-bici-pcb\bici-pcb\bici-power.SchDoc with 0530480210 from bici_components_abby.IntLib
Replace Part L1 CIGW252010GL2R2MNE in C:\Users\truth\OneDrive\Desktop\ACADEMICS\ENGN1650\engn1650-bici-pcb\bici-pcb\bici-power.SchDoc with CIGW252010GL2R2MNE from bici_components_abby.IntLib
Replace Part R1 RC0603FR-075K1L in C:\Users\truth\OneDrive\Desktop\ACADEMICS\ENGN1650\engn1650-bici-pcb\bici-pcb\bici-power.SchDoc with RC0603FR-075K1L from bici_components_abby.IntLib
Replace Part R2 RC0603FR-075K1L in C:\Users\truth\OneDrive\Desktop\ACADEMICS\ENGN1650\engn1650-bici-pcb\bici-pcb\bici-power.SchDoc with RC0603FR-075K1L from bici_components_abby.IntLib
Replace Part R3 ERJ-3EKF4700V in C:\Users\truth\OneDrive\Desktop\ACADEMICS\ENGN1650\engn1650-bici-pcb\bici-pcb\bici-power.SchDoc with ERJ-3EKF4700V from bici_components_abby.IntLib
Replace Part R4 ERJ-3EKF2001V in C:\Users\truth\OneDrive\Desktop\ACADEMICS\ENGN1650\engn1650-bici-pcb\bici-pcb\bici-power.SchDoc with ERJ-3EKF2001V from bici_components_abby.IntLib
Replace Part R5 ERJ-3EKF1004V in C:\Users\truth\OneDrive\Desktop\ACADEMICS\ENGN1650\engn1650-bici-pcb\bici-pcb\bici-power.SchDoc with ERJ-3EKF1004V from bici_components_abby.IntLib
Replace Part R6 ERJ-3EKF1004V in C:\Users\truth\OneDrive\Desktop\ACADEMICS\ENGN1650\engn1650-bici-pcb\bici-pcb\bici-power.SchDoc with ERJ-3EKF1004V from bici_components_abby.IntLib
Replace Part R7 ERJ-3GEY0R00V in C:\Users\truth\OneDrive\Desktop\ACADEMICS\ENGN1650\engn1650-bici-pcb\bici-pcb\bici-power.SchDoc with ERJ-3GEY0R00V from bici_components_abby.IntLib
Replace Part R8 ERJ-3GEY0R00V in C:\Users\truth\OneDrive\Desktop\ACADEMICS\ENGN1650\engn1650-bici-pcb\bici-pcb\bici-power.SchDoc with ERJ-3GEY0R00V from bici_components_abby.IntLib
Replace Part R9 ERJ-3GEY0R00V in C:\Users\truth\OneDrive\Desktop\ACADEMICS\ENGN1650\engn1650-bici-pcb\bici-pcb\bici-power.SchDoc with ERJ-3GEY0R00V from bici_components_abby.IntLib
Replace Part R10 ERJ-3GEY0R00V in C:\Users\truth\OneDrive\Desktop\ACADEMICS\ENGN1650\engn1650-bici-pcb\bici-pcb\bici-power.SchDoc with ERJ-3GEY0R00V from bici_components_abby.IntLib
Replace Part SW1 SLW-864574-5A-RA-N-D in C:\Users\truth\OneDrive\Desktop\ACADEMICS\ENGN1650\engn1650-bici-pcb\bici-pcb\bici-power.SchDoc with SLW-864574-5A-RA-N-D from bici_components_abby.IntLib
Replace Part TP1 25-mil-TP in C:\Users\truth\OneDrive\Desktop\ACADEMICS\ENGN1650\engn1650-bici-pcb\bici-pcb\bici-power.SchDoc with 25-mil-TP from bici_components_abby.IntLib
Replace Part TP2 25-mil-TP in C:\Users\truth\OneDrive\Desktop\ACADEMICS\ENGN1650\engn1650-bici-pcb\bici-pcb\bici-power.SchDoc with 25-mil-TP from bici_components_abby.IntLib
Replace Part TP3 25-mil-TP in C:\Users\truth\OneDrive\Desktop\ACADEMICS\ENGN1650\engn1650-bici-pcb\bici-pcb\bici-power.SchDoc with 25-mil-TP from bici_components_abby.IntLib
Replace Part TP4 25-mil-TP in C:\Users\truth\OneDrive\Desktop\ACADEMICS\ENGN1650\engn1650-bici-pcb\bici-pcb\bici-power.SchDoc with 25-mil-TP from bici_components_abby.IntLib
Replace Part U1 MCP73831T-2ATI/OT in C:\Users\truth\OneDrive\Desktop\ACADEMICS\ENGN1650\engn1650-bici-pcb\bici-pcb\bici-power.SchDoc with MCP73831T-2ATI/OT from bici_components_abby.IntLib
Replace Part U2 RT6150B-33GQW in C:\Users\truth\OneDrive\Desktop\ACADEMICS\ENGN1650\engn1650-bici-pcb\bici-pcb\bici-power.SchDoc with RT6150B-33GQW from bici_components_abby.IntLib
