Replace Part C201 KGM15AR70J104JT in C:\Users\truth\OneDrive\Desktop\ACADEMICS\ENGN1650\engn1650-bici-pcb\bici-pcb\bici-turn-lights.SchDoc with KGM15AR70J104JT from bici_components_abby.IntLib
Replace Part C202 KGM15AR70J104JT in C:\Users\truth\OneDrive\Desktop\ACADEMICS\ENGN1650\engn1650-bici-pcb\bici-pcb\bici-turn-lights.SchDoc with KGM15AR70J104JT from bici_components_abby.IntLib
Replace Part D201 T1681UY--20C000212U1930 in C:\Users\truth\OneDrive\Desktop\ACADEMICS\ENGN1650\engn1650-bici-pcb\bici-pcb\bici-turn-lights.SchDoc with T1681UY--20C000212U1930 from bici_components_abby.IntLib
Replace Part D202 T1681UY--20C000212U1930 in C:\Users\truth\OneDrive\Desktop\ACADEMICS\ENGN1650\engn1650-bici-pcb\bici-pcb\bici-turn-lights.SchDoc with T1681UY--20C000212U1930 from bici_components_abby.IntLib
Replace Part D203 T1681UY--20C000212U1930 in C:\Users\truth\OneDrive\Desktop\ACADEMICS\ENGN1650\engn1650-bici-pcb\bici-pcb\bici-turn-lights.SchDoc with T1681UY--20C000212U1930 from bici_components_abby.IntLib
Replace Part D204 T1681UY--20C000212U1930 in C:\Users\truth\OneDrive\Desktop\ACADEMICS\ENGN1650\engn1650-bici-pcb\bici-pcb\bici-turn-lights.SchDoc with T1681UY--20C000212U1930 from bici_components_abby.IntLib
Replace Part D205 T1681UY--20C000212U1930 in C:\Users\truth\OneDrive\Desktop\ACADEMICS\ENGN1650\engn1650-bici-pcb\bici-pcb\bici-turn-lights.SchDoc with T1681UY--20C000212U1930 from bici_components_abby.IntLib
Replace Part D206 T1681UY--20C000212U1930 in C:\Users\truth\OneDrive\Desktop\ACADEMICS\ENGN1650\engn1650-bici-pcb\bici-pcb\bici-turn-lights.SchDoc with T1681UY--20C000212U1930 from bici_components_abby.IntLib
Replace Part D207 T1681UY--20C000212U1930 in C:\Users\truth\OneDrive\Desktop\ACADEMICS\ENGN1650\engn1650-bici-pcb\bici-pcb\bici-turn-lights.SchDoc with T1681UY--20C000212U1930 from bici_components_abby.IntLib
Replace Part D208 T1681UY--20C000212U1930 in C:\Users\truth\OneDrive\Desktop\ACADEMICS\ENGN1650\engn1650-bici-pcb\bici-pcb\bici-turn-lights.SchDoc with T1681UY--20C000212U1930 from bici_components_abby.IntLib
Replace Part D209 T1681UY--20C000212U1930 in C:\Users\truth\OneDrive\Desktop\ACADEMICS\ENGN1650\engn1650-bici-pcb\bici-pcb\bici-turn-lights.SchDoc with T1681UY--20C000212U1930 from bici_components_abby.IntLib
Replace Part D210 T1681UY--20C000212U1930 in C:\Users\truth\OneDrive\Desktop\ACADEMICS\ENGN1650\engn1650-bici-pcb\bici-pcb\bici-turn-lights.SchDoc with T1681UY--20C000212U1930 from bici_components_abby.IntLib
Replace Part D211 T1681UY--20C000212U1930 in C:\Users\truth\OneDrive\Desktop\ACADEMICS\ENGN1650\engn1650-bici-pcb\bici-pcb\bici-turn-lights.SchDoc with T1681UY--20C000212U1930 from bici_components_abby.IntLib
Replace Part D212 T1681UY--20C000212U1930 in C:\Users\truth\OneDrive\Desktop\ACADEMICS\ENGN1650\engn1650-bici-pcb\bici-pcb\bici-turn-lights.SchDoc with T1681UY--20C000212U1930 from bici_components_abby.IntLib
Replace Part D213 T1681UY--20C000212U1930 in C:\Users\truth\OneDrive\Desktop\ACADEMICS\ENGN1650\engn1650-bici-pcb\bici-pcb\bici-turn-lights.SchDoc with T1681UY--20C000212U1930 from bici_components_abby.IntLib
Replace Part D214 T1681UY--20C000212U1930 in C:\Users\truth\OneDrive\Desktop\ACADEMICS\ENGN1650\engn1650-bici-pcb\bici-pcb\bici-turn-lights.SchDoc with T1681UY--20C000212U1930 from bici_components_abby.IntLib
Replace Part R201 ERJ-3EKF1200V in C:\Users\truth\OneDrive\Desktop\ACADEMICS\ENGN1650\engn1650-bici-pcb\bici-pcb\bici-turn-lights.SchDoc with ERJ-3EKF1200V from bici_components_abby.IntLib
Replace Part R202 ERJ-3EKF1200V in C:\Users\truth\OneDrive\Desktop\ACADEMICS\ENGN1650\engn1650-bici-pcb\bici-pcb\bici-turn-lights.SchDoc with ERJ-3EKF1200V from bici_components_abby.IntLib
Replace Part R203 ERJ-3EKF1200V in C:\Users\truth\OneDrive\Desktop\ACADEMICS\ENGN1650\engn1650-bici-pcb\bici-pcb\bici-turn-lights.SchDoc with ERJ-3EKF1200V from bici_components_abby.IntLib
Replace Part R204 ERJ-3EKF1200V in C:\Users\truth\OneDrive\Desktop\ACADEMICS\ENGN1650\engn1650-bici-pcb\bici-pcb\bici-turn-lights.SchDoc with ERJ-3EKF1200V from bici_components_abby.IntLib
Replace Part R205 ERJ-3EKF1200V in C:\Users\truth\OneDrive\Desktop\ACADEMICS\ENGN1650\engn1650-bici-pcb\bici-pcb\bici-turn-lights.SchDoc with ERJ-3EKF1200V from bici_components_abby.IntLib
Replace Part R206 ERJ-3EKF1200V in C:\Users\truth\OneDrive\Desktop\ACADEMICS\ENGN1650\engn1650-bici-pcb\bici-pcb\bici-turn-lights.SchDoc with ERJ-3EKF1200V from bici_components_abby.IntLib
Replace Part R207 ERJ-3EKF1200V in C:\Users\truth\OneDrive\Desktop\ACADEMICS\ENGN1650\engn1650-bici-pcb\bici-pcb\bici-turn-lights.SchDoc with ERJ-3EKF1200V from bici_components_abby.IntLib
Replace Part R208 ERJ-3EKF1200V in C:\Users\truth\OneDrive\Desktop\ACADEMICS\ENGN1650\engn1650-bici-pcb\bici-pcb\bici-turn-lights.SchDoc with ERJ-3EKF1200V from bici_components_abby.IntLib
Replace Part R209 ERJ-3EKF1200V in C:\Users\truth\OneDrive\Desktop\ACADEMICS\ENGN1650\engn1650-bici-pcb\bici-pcb\bici-turn-lights.SchDoc with ERJ-3EKF1200V from bici_components_abby.IntLib
Replace Part R210 ERJ-3EKF1200V in C:\Users\truth\OneDrive\Desktop\ACADEMICS\ENGN1650\engn1650-bici-pcb\bici-pcb\bici-turn-lights.SchDoc with ERJ-3EKF1200V from bici_components_abby.IntLib
Replace Part R211 ERJ-3EKF1200V in C:\Users\truth\OneDrive\Desktop\ACADEMICS\ENGN1650\engn1650-bici-pcb\bici-pcb\bici-turn-lights.SchDoc with ERJ-3EKF1200V from bici_components_abby.IntLib
Replace Part R212 ERJ-3EKF1200V in C:\Users\truth\OneDrive\Desktop\ACADEMICS\ENGN1650\engn1650-bici-pcb\bici-pcb\bici-turn-lights.SchDoc with ERJ-3EKF1200V from bici_components_abby.IntLib
Replace Part R213 ERJ-3EKF1200V in C:\Users\truth\OneDrive\Desktop\ACADEMICS\ENGN1650\engn1650-bici-pcb\bici-pcb\bici-turn-lights.SchDoc with ERJ-3EKF1200V from bici_components_abby.IntLib
Replace Part R214 ERJ-3EKF1200V in C:\Users\truth\OneDrive\Desktop\ACADEMICS\ENGN1650\engn1650-bici-pcb\bici-pcb\bici-turn-lights.SchDoc with ERJ-3EKF1200V from bici_components_abby.IntLib
Replace Part R215 ERJ-3EKF1002V in C:\Users\truth\OneDrive\Desktop\ACADEMICS\ENGN1650\engn1650-bici-pcb\bici-pcb\bici-turn-lights.SchDoc with ERJ-3EKF1002V from bici_components_abby.IntLib
Replace Part R216 ERJ-3EKF1002V in C:\Users\truth\OneDrive\Desktop\ACADEMICS\ENGN1650\engn1650-bici-pcb\bici-pcb\bici-turn-lights.SchDoc with ERJ-3EKF1002V from bici_components_abby.IntLib
Replace Part TP201 25-mil-TP in C:\Users\truth\OneDrive\Desktop\ACADEMICS\ENGN1650\engn1650-bici-pcb\bici-pcb\bici-turn-lights.SchDoc with 25-mil-TP from bici_components_abby.IntLib
Replace Part TP202 25-mil-TP in C:\Users\truth\OneDrive\Desktop\ACADEMICS\ENGN1650\engn1650-bici-pcb\bici-pcb\bici-turn-lights.SchDoc with 25-mil-TP from bici_components_abby.IntLib
Replace Part U201 MC74HC244ADTR2G in C:\Users\truth\OneDrive\Desktop\ACADEMICS\ENGN1650\engn1650-bici-pcb\bici-pcb\bici-turn-lights.SchDoc with MC74HC244ADTR2G from bici_components_abby.IntLib
Replace Part U202 MC74HC244ADTR2G in C:\Users\truth\OneDrive\Desktop\ACADEMICS\ENGN1650\engn1650-bici-pcb\bici-pcb\bici-turn-lights.SchDoc with MC74HC244ADTR2G from bici_components_abby.IntLib
