Added Component: Designator=C1(GMC10X7R475K10NT)
Add component (AddParameter): Name = "Manufacturer"; Value = "Cal-Chip Electronics, Inc."; VariantName = "[No Variations]"
Add component (AddParameter): Name = "Manufacturer PN"; Value = "GMC10X7R475K10NT"; VariantName = "[No Variations]"
Add component (AddParameter): Name = "Package"; Value = "0603"; VariantName = "[No Variations]"
Add component (AddParameter): Name = "Value"; Value = "4.7uF 10V"; VariantName = "[No Variations]"
Add component (AddParameter): Name = "Vendor"; Value = "DigiKey"; VariantName = "[No Variations]"
Add component (AddParameter): Name = "Vendor PN"; Value = "4713-GMC10X7R475K10NTCT-ND"; VariantName = "[No Variations]"
Added Component: Designator=C2(GMC10X7R475K10NT)
Add component (AddParameter): Name = "Manufacturer"; Value = "Cal-Chip Electronics, Inc."; VariantName = "[No Variations]"
Add component (AddParameter): Name = "Manufacturer PN"; Value = "GMC10X7R475K10NT"; VariantName = "[No Variations]"
Add component (AddParameter): Name = "Package"; Value = "0603"; VariantName = "[No Variations]"
Add component (AddParameter): Name = "Value"; Value = "4.7uF 10V"; VariantName = "[No Variations]"
Add component (AddParameter): Name = "Vendor"; Value = "DigiKey"; VariantName = "[No Variations]"
Add component (AddParameter): Name = "Vendor PN"; Value = "4713-GMC10X7R475K10NTCT-ND"; VariantName = "[No Variations]"
Added Component: Designator=C3(GRM188R60J106ME47D)
Add component (AddParameter): Name = "Manufacturer"; Value = "Murata Electronics"; VariantName = "[No Variations]"
Add component (AddParameter): Name = "Manufacturer PN"; Value = "GRM188R60J106ME47D"; VariantName = "[No Variations]"
Add component (AddParameter): Name = "Package"; Value = "0603"; VariantName = "[No Variations]"
Add component (AddParameter): Name = "Value"; Value = "10uF 6.3V"; VariantName = "[No Variations]"
Add component (AddParameter): Name = "Vendor"; Value = "DigiKey"; VariantName = "[No Variations]"
Add component (AddParameter): Name = "Vendor PN"; Value = "490-3896-1-ND"; VariantName = "[No Variations]"
Added Component: Designator=C4(GRM188R60J106ME47D)
Add component (AddParameter): Name = "Manufacturer"; Value = "Murata Electronics"; VariantName = "[No Variations]"
Add component (AddParameter): Name = "Manufacturer PN"; Value = "GRM188R60J106ME47D"; VariantName = "[No Variations]"
Add component (AddParameter): Name = "Package"; Value = "0603"; VariantName = "[No Variations]"
Add component (AddParameter): Name = "Value"; Value = "10uF 6.3V"; VariantName = "[No Variations]"
Add component (AddParameter): Name = "Vendor"; Value = "DigiKey"; VariantName = "[No Variations]"
Add component (AddParameter): Name = "Vendor PN"; Value = "490-3896-1-ND"; VariantName = "[No Variations]"
Added Component: Designator=C5(GRM188R60J106ME47D)
Add component (AddParameter): Name = "Manufacturer"; Value = "Murata Electronics"; VariantName = "[No Variations]"
Add component (AddParameter): Name = "Manufacturer PN"; Value = "GRM188R60J106ME47D"; VariantName = "[No Variations]"
Add component (AddParameter): Name = "Package"; Value = "0603"; VariantName = "[No Variations]"
Add component (AddParameter): Name = "Value"; Value = "10uF 6.3V"; VariantName = "[No Variations]"
Add component (AddParameter): Name = "Vendor"; Value = "DigiKey"; VariantName = "[No Variations]"
Add component (AddParameter): Name = "Vendor PN"; Value = "490-3896-1-ND"; VariantName = "[No Variations]"
Added Component: Designator=C101(KGM15AR70J104JT)
Add component (AddParameter): Name = "Manufacturer"; Value = "KYOCERA AVX"; VariantName = "[No Variations]"
Add component (AddParameter): Name = "Manufacturer PN"; Value = "KGM15AR70J104JT"; VariantName = "[No Variations]"
Add component (AddParameter): Name = "Package"; Value = "0603"; VariantName = "[No Variations]"
Add component (AddParameter): Name = "Value"; Value = "0.1uF 6.3V"; VariantName = "[No Variations]"
Add component (AddParameter): Name = "Vendor"; Value = "DigiKey"; VariantName = "[No Variations]"
Add component (AddParameter): Name = "Vendor PN"; Value = "478-KGM15AR70J104JTCT-ND"; VariantName = "[No Variations]"
Added Component: Designator=C102(GRM188R61E225KA12D)
Add component (AddParameter): Name = "Manufacturer"; Value = "Murata Electronics"; VariantName = "[No Variations]"
Add component (AddParameter): Name = "Manufacturer PN"; Value = "GRM188R61E225KA12D"; VariantName = "[No Variations]"
Add component (AddParameter): Name = "Package"; Value = "0603"; VariantName = "[No Variations]"
Add component (AddParameter): Name = "Value"; Value = "2.2 uF 25 V"; VariantName = "[No Variations]"
Add component (AddParameter): Name = "Vendor"; Value = "DigiKey"; VariantName = "[No Variations]"
Add component (AddParameter): Name = "Vendor PN"; Value = "490-10731-1-ND"; VariantName = "[No Variations]"
Added Component: Designator=C103(KGM15AV51H103ZT)
Add component (AddParameter): Name = "Manufacturer"; Value = "KYOCERA AVX"; VariantName = "[No Variations]"
Add component (AddParameter): Name = "Manufacturer PN"; Value = "KGM15AV51H103ZT"; VariantName = "[No Variations]"
Add component (AddParameter): Name = "Package"; Value = "0603"; VariantName = "[No Variations]"
Add component (AddParameter): Name = "Value"; Value = "10 nF 50V"; VariantName = "[No Variations]"
Add component (AddParameter): Name = "Vendor"; Value = "DigiKey"; VariantName = "[No Variations]"
Add component (AddParameter): Name = "Vendor PN"; Value = "478-KGM15AV51H103ZTCT-ND"; VariantName = "[No Variations]"
Added Component: Designator=C201(KGM15AR70J104JT)
Add component (AddParameter): Name = "Manufacturer"; Value = "KYOCERA AVX"; VariantName = "[No Variations]"
Add component (AddParameter): Name = "Manufacturer PN"; Value = "KGM15AR70J104JT"; VariantName = "[No Variations]"
Add component (AddParameter): Name = "Package"; Value = "0603"; VariantName = "[No Variations]"
Add component (AddParameter): Name = "Value"; Value = "0.1uF 6.3V"; VariantName = "[No Variations]"
Add component (AddParameter): Name = "Vendor"; Value = "DigiKey"; VariantName = "[No Variations]"
Add component (AddParameter): Name = "Vendor PN"; Value = "478-KGM15AR70J104JTCT-ND"; VariantName = "[No Variations]"
Added Component: Designator=C202(KGM15AR70J104JT)
Add component (AddParameter): Name = "Manufacturer"; Value = "KYOCERA AVX"; VariantName = "[No Variations]"
Add component (AddParameter): Name = "Manufacturer PN"; Value = "KGM15AR70J104JT"; VariantName = "[No Variations]"
Add component (AddParameter): Name = "Package"; Value = "0603"; VariantName = "[No Variations]"
Add component (AddParameter): Name = "Value"; Value = "0.1uF 6.3V"; VariantName = "[No Variations]"
Add component (AddParameter): Name = "Vendor"; Value = "DigiKey"; VariantName = "[No Variations]"
Add component (AddParameter): Name = "Vendor PN"; Value = "478-KGM15AR70J104JTCT-ND"; VariantName = "[No Variations]"
Added Component: Designator=C401(GMC10X7R475K10NT)
Add component (AddParameter): Name = "Manufacturer"; Value = "Cal-Chip Electronics, Inc."; VariantName = "[No Variations]"
Add component (AddParameter): Name = "Manufacturer PN"; Value = "GMC10X7R475K10NT"; VariantName = "[No Variations]"
Add component (AddParameter): Name = "Package"; Value = "0603"; VariantName = "[No Variations]"
Add component (AddParameter): Name = "Value"; Value = "4.7uF 10V"; VariantName = "[No Variations]"
Add component (AddParameter): Name = "Vendor"; Value = "DigiKey"; VariantName = "[No Variations]"
Add component (AddParameter): Name = "Vendor PN"; Value = "4713-GMC10X7R475K10NTCT-ND"; VariantName = "[No Variations]"
Added Component: Designator=C402(KGM15AR70J104JT)
Add component (AddParameter): Name = "Manufacturer"; Value = "KYOCERA AVX"; VariantName = "[No Variations]"
Add component (AddParameter): Name = "Manufacturer PN"; Value = "KGM15AR70J104JT"; VariantName = "[No Variations]"
Add component (AddParameter): Name = "Package"; Value = "0603"; VariantName = "[No Variations]"
Add component (AddParameter): Name = "Value"; Value = "0.1uF 6.3V"; VariantName = "[No Variations]"
Add component (AddParameter): Name = "Vendor"; Value = "DigiKey"; VariantName = "[No Variations]"
Add component (AddParameter): Name = "Vendor PN"; Value = "478-KGM15AR70J104JTCT-ND"; VariantName = "[No Variations]"
Added Component: Designator=C403(KGM15AR70J104JT)
Add component (AddParameter): Name = "Manufacturer"; Value = "KYOCERA AVX"; VariantName = "[No Variations]"
Add component (AddParameter): Name = "Manufacturer PN"; Value = "KGM15AR70J104JT"; VariantName = "[No Variations]"
Add component (AddParameter): Name = "Package"; Value = "0603"; VariantName = "[No Variations]"
Add component (AddParameter): Name = "Value"; Value = "0.1uF 6.3V"; VariantName = "[No Variations]"
Add component (AddParameter): Name = "Vendor"; Value = "DigiKey"; VariantName = "[No Variations]"
Add component (AddParameter): Name = "Vendor PN"; Value = "478-KGM15AR70J104JTCT-ND"; VariantName = "[No Variations]"
Added Component: Designator=C404(KGM15AR70J104JT)
Add component (AddParameter): Name = "Manufacturer"; Value = "KYOCERA AVX"; VariantName = "[No Variations]"
Add component (AddParameter): Name = "Manufacturer PN"; Value = "KGM15AR70J104JT"; VariantName = "[No Variations]"
Add component (AddParameter): Name = "Package"; Value = "0603"; VariantName = "[No Variations]"
Add component (AddParameter): Name = "Value"; Value = "0.1uF 6.3V"; VariantName = "[No Variations]"
Add component (AddParameter): Name = "Vendor"; Value = "DigiKey"; VariantName = "[No Variations]"
Add component (AddParameter): Name = "Vendor PN"; Value = "478-KGM15AR70J104JTCT-ND"; VariantName = "[No Variations]"
Added Component: Designator=C405(KGM15AR70J104JT)
Add component (AddParameter): Name = "Manufacturer"; Value = "KYOCERA AVX"; VariantName = "[No Variations]"
Add component (AddParameter): Name = "Manufacturer PN"; Value = "KGM15AR70J104JT"; VariantName = "[No Variations]"
Add component (AddParameter): Name = "Package"; Value = "0603"; VariantName = "[No Variations]"
Add component (AddParameter): Name = "Value"; Value = "0.1uF 6.3V"; VariantName = "[No Variations]"
Add component (AddParameter): Name = "Vendor"; Value = "DigiKey"; VariantName = "[No Variations]"
Add component (AddParameter): Name = "Vendor PN"; Value = "478-KGM15AR70J104JTCT-ND"; VariantName = "[No Variations]"
Added Component: Designator=J401(3220-14-0100-00)
Add component (AddParameter): Name = "Manufacturer"; Value = "CNC Tech"; VariantName = "[No Variations]"
Add component (AddParameter): Name = "Manufacturer PN"; Value = "3220-14-0100-00"; VariantName = "[No Variations]"
Add component (AddParameter): Name = "Vendor"; Value = "DigiKey"; VariantName = "[No Variations]"
Add component (AddParameter): Name = "Vendor PN"; Value = "1175-1630-ND"; VariantName = "[No Variations]"
Added Component: Designator=J402(100MIL-JUMPER)
Added Component: Designator=L1(CIGW252010GL2R2MNE)
Add component (AddParameter): Name = "Manufacturer"; Value = "Samsung Electro-Mechanics"; VariantName = "[No Variations]"
Add component (AddParameter): Name = "Manufacturer PN"; Value = "CIGW252010GL2R2MNE"; VariantName = "[No Variations]"
Add component (AddParameter): Name = "Package"; Value = "1008"; VariantName = "[No Variations]"
Add component (AddParameter): Name = "Value"; Value = "2.2uH"; VariantName = "[No Variations]"
Add component (AddParameter): Name = "Vendor"; Value = "DigiKey"; VariantName = "[No Variations]"
Add component (AddParameter): Name = "Vendor PN"; Value = "1276-6933-1-ND"; VariantName = "[No Variations]"
Added Component: Designator=R1(RC0603FR-075K1L)
Add component (AddParameter): Name = "Manufacturer"; Value = "YAGEO"; VariantName = "[No Variations]"
Add component (AddParameter): Name = "Manufacturer PN"; Value = "RC0603FR-075K1L"; VariantName = "[No Variations]"
Add component (AddParameter): Name = "Package"; Value = "0603"; VariantName = "[No Variations]"
Add component (AddParameter): Name = "Value"; Value = "5.1k"; VariantName = "[No Variations]"
Add component (AddParameter): Name = "Vendor"; Value = "DigiKey"; VariantName = "[No Variations]"
Add component (AddParameter): Name = "Vendor PN"; Value = "311-5.10KHRCT-ND"; VariantName = "[No Variations]"
Added Component: Designator=R2(RC0603FR-075K1L)
Add component (AddParameter): Name = "Manufacturer"; Value = "YAGEO"; VariantName = "[No Variations]"
Add component (AddParameter): Name = "Manufacturer PN"; Value = "RC0603FR-075K1L"; VariantName = "[No Variations]"
Add component (AddParameter): Name = "Package"; Value = "0603"; VariantName = "[No Variations]"
Add component (AddParameter): Name = "Value"; Value = "5.1k"; VariantName = "[No Variations]"
Add component (AddParameter): Name = "Vendor"; Value = "DigiKey"; VariantName = "[No Variations]"
Add component (AddParameter): Name = "Vendor PN"; Value = "311-5.10KHRCT-ND"; VariantName = "[No Variations]"
Added Component: Designator=R3(ERJ-3EKF4700V)
Add component (AddParameter): Name = "Manufacturer"; Value = "Panasonic Electronic Components"; VariantName = "[No Variations]"
Add component (AddParameter): Name = "Manufacturer PN"; Value = "ERJ-3EKF4700V"; VariantName = "[No Variations]"
Add component (AddParameter): Name = "Package"; Value = "0603"; VariantName = "[No Variations]"
Add component (AddParameter): Name = "Value"; Value = "470"; VariantName = "[No Variations]"
Add component (AddParameter): Name = "Vendor"; Value = "DigiKey"; VariantName = "[No Variations]"
Add component (AddParameter): Name = "Vendor PN"; Value = "P470HCT-ND"; VariantName = "[No Variations]"
Added Component: Designator=R4(ERJ-3EKF2001V)
Add component (AddParameter): Name = "Manufacturer"; Value = "Panasonic Electronic Components"; VariantName = "[No Variations]"
Add component (AddParameter): Name = "Manufacturer PN"; Value = "ERJ-3EKF2001V"; VariantName = "[No Variations]"
Add component (AddParameter): Name = "Package"; Value = "0603"; VariantName = "[No Variations]"
Add component (AddParameter): Name = "Value"; Value = "2k"; VariantName = "[No Variations]"
Add component (AddParameter): Name = "Vendor"; Value = "DigiKey"; VariantName = "[No Variations]"
Add component (AddParameter): Name = "Vendor PN"; Value = "P2.00KHCT-ND"; VariantName = "[No Variations]"
Added Component: Designator=R5(ERJ-3EKF1004V)
Add component (AddParameter): Name = "Manufacturer"; Value = "Panasonic Electronic Components"; VariantName = "[No Variations]"
Add component (AddParameter): Name = "Manufacturer PN"; Value = "ERJ-3EKF1004V"; VariantName = "[No Variations]"
Add component (AddParameter): Name = "Package"; Value = "0603"; VariantName = "[No Variations]"
Add component (AddParameter): Name = "Value"; Value = "1M"; VariantName = "[No Variations]"
Add component (AddParameter): Name = "Vendor"; Value = "DigiKey"; VariantName = "[No Variations]"
Add component (AddParameter): Name = "Vendor PN"; Value = "P1.00MHCT-ND"; VariantName = "[No Variations]"
Added Component: Designator=R6(ERJ-3EKF1004V)
Add component (AddParameter): Name = "Manufacturer"; Value = "Panasonic Electronic Components"; VariantName = "[No Variations]"
Add component (AddParameter): Name = "Manufacturer PN"; Value = "ERJ-3EKF1004V"; VariantName = "[No Variations]"
Add component (AddParameter): Name = "Package"; Value = "0603"; VariantName = "[No Variations]"
Add component (AddParameter): Name = "Value"; Value = "1M"; VariantName = "[No Variations]"
Add component (AddParameter): Name = "Vendor"; Value = "DigiKey"; VariantName = "[No Variations]"
Add component (AddParameter): Name = "Vendor PN"; Value = "P1.00MHCT-ND"; VariantName = "[No Variations]"
Added Component: Designator=R7(ERJ-3GEY0R00V)
Add component (AddParameter): Name = "Manufacturer"; Value = "Panasonic Electronic Components"; VariantName = "[No Variations]"
Add component (AddParameter): Name = "Manufacturer PN"; Value = "ERJ-3GEY0R00V"; VariantName = "[No Variations]"
Add component (AddParameter): Name = "Package"; Value = "0603"; VariantName = "[No Variations]"
Add component (AddParameter): Name = "Value"; Value = "0"; VariantName = "[No Variations]"
Add component (AddParameter): Name = "Vendor"; Value = "DigiKey"; VariantName = "[No Variations]"
Add component (AddParameter): Name = "Vendor PN"; Value = "P0.0GCT-ND"; VariantName = "[No Variations]"
Added Component: Designator=R8(ERJ-3GEY0R00V)
Add component (AddParameter): Name = "Manufacturer"; Value = "Panasonic Electronic Components"; VariantName = "[No Variations]"
Add component (AddParameter): Name = "Manufacturer PN"; Value = "ERJ-3GEY0R00V"; VariantName = "[No Variations]"
Add component (AddParameter): Name = "Package"; Value = "0603"; VariantName = "[No Variations]"
Add component (AddParameter): Name = "Value"; Value = "0"; VariantName = "[No Variations]"
Add component (AddParameter): Name = "Vendor"; Value = "DigiKey"; VariantName = "[No Variations]"
Add component (AddParameter): Name = "Vendor PN"; Value = "P0.0GCT-ND"; VariantName = "[No Variations]"
Added Component: Designator=R9(ERJ-3GEY0R00V)
Add component (AddParameter): Name = "Manufacturer"; Value = "Panasonic Electronic Components"; VariantName = "[No Variations]"
Add component (AddParameter): Name = "Manufacturer PN"; Value = "ERJ-3GEY0R00V"; VariantName = "[No Variations]"
Add component (AddParameter): Name = "Package"; Value = "0603"; VariantName = "[No Variations]"
Add component (AddParameter): Name = "Value"; Value = "0"; VariantName = "[No Variations]"
Add component (AddParameter): Name = "Vendor"; Value = "DigiKey"; VariantName = "[No Variations]"
Add component (AddParameter): Name = "Vendor PN"; Value = "P0.0GCT-ND"; VariantName = "[No Variations]"
Added Component: Designator=R10(ERJ-3GEY0R00V)
Add component (AddParameter): Name = "Manufacturer"; Value = "Panasonic Electronic Components"; VariantName = "[No Variations]"
Add component (AddParameter): Name = "Manufacturer PN"; Value = "ERJ-3GEY0R00V"; VariantName = "[No Variations]"
Add component (AddParameter): Name = "Package"; Value = "0603"; VariantName = "[No Variations]"
Add component (AddParameter): Name = "Value"; Value = "0"; VariantName = "[No Variations]"
Add component (AddParameter): Name = "Vendor"; Value = "DigiKey"; VariantName = "[No Variations]"
Add component (AddParameter): Name = "Vendor PN"; Value = "P0.0GCT-ND"; VariantName = "[No Variations]"
Added Component: Designator=R11(ERJ-3GEY0R00V)
Add component (AddParameter): Name = "Manufacturer"; Value = "Panasonic Electronic Components"; VariantName = "[No Variations]"
Add component (AddParameter): Name = "Manufacturer PN"; Value = "ERJ-3GEY0R00V"; VariantName = "[No Variations]"
Add component (AddParameter): Name = "Package"; Value = "0603"; VariantName = "[No Variations]"
Add component (AddParameter): Name = "Value"; Value = "0"; VariantName = "[No Variations]"
Add component (AddParameter): Name = "Vendor"; Value = "DigiKey"; VariantName = "[No Variations]"
Add component (AddParameter): Name = "Vendor PN"; Value = "P0.0GCT-ND"; VariantName = "[No Variations]"
Added Component: Designator=R201(ERJ-3EKF1200V)
Add component (AddParameter): Name = "Manufacturer"; Value = "Panasonic Electronic Components"; VariantName = "[No Variations]"
Add component (AddParameter): Name = "Manufacturer PN"; Value = "ERJ-3EKF1200V"; VariantName = "[No Variations]"
Add component (AddParameter): Name = "Package"; Value = "0603"; VariantName = "[No Variations]"
Add component (AddParameter): Name = "Value"; Value = "120"; VariantName = "[No Variations]"
Add component (AddParameter): Name = "Vendor"; Value = "DigiKey"; VariantName = "[No Variations]"
Add component (AddParameter): Name = "Vendor PN"; Value = "P120HCT-ND"; VariantName = "[No Variations]"
Added Component: Designator=R202(ERJ-3EKF1200V)
Add component (AddParameter): Name = "Manufacturer"; Value = "Panasonic Electronic Components"; VariantName = "[No Variations]"
Add component (AddParameter): Name = "Manufacturer PN"; Value = "ERJ-3EKF1200V"; VariantName = "[No Variations]"
Add component (AddParameter): Name = "Package"; Value = "0603"; VariantName = "[No Variations]"
Add component (AddParameter): Name = "Value"; Value = "120"; VariantName = "[No Variations]"
Add component (AddParameter): Name = "Vendor"; Value = "DigiKey"; VariantName = "[No Variations]"
Add component (AddParameter): Name = "Vendor PN"; Value = "P120HCT-ND"; VariantName = "[No Variations]"
Added Component: Designator=R203(ERJ-3EKF1200V)
Add component (AddParameter): Name = "Manufacturer"; Value = "Panasonic Electronic Components"; VariantName = "[No Variations]"
Add component (AddParameter): Name = "Manufacturer PN"; Value = "ERJ-3EKF1200V"; VariantName = "[No Variations]"
Add component (AddParameter): Name = "Package"; Value = "0603"; VariantName = "[No Variations]"
Add component (AddParameter): Name = "Value"; Value = "120"; VariantName = "[No Variations]"
Add component (AddParameter): Name = "Vendor"; Value = "DigiKey"; VariantName = "[No Variations]"
Add component (AddParameter): Name = "Vendor PN"; Value = "P120HCT-ND"; VariantName = "[No Variations]"
Added Component: Designator=R204(ERJ-3EKF1200V)
Add component (AddParameter): Name = "Manufacturer"; Value = "Panasonic Electronic Components"; VariantName = "[No Variations]"
Add component (AddParameter): Name = "Manufacturer PN"; Value = "ERJ-3EKF1200V"; VariantName = "[No Variations]"
Add component (AddParameter): Name = "Package"; Value = "0603"; VariantName = "[No Variations]"
Add component (AddParameter): Name = "Value"; Value = "120"; VariantName = "[No Variations]"
Add component (AddParameter): Name = "Vendor"; Value = "DigiKey"; VariantName = "[No Variations]"
Add component (AddParameter): Name = "Vendor PN"; Value = "P120HCT-ND"; VariantName = "[No Variations]"
Added Component: Designator=R205(ERJ-3EKF1200V)
Add component (AddParameter): Name = "Manufacturer"; Value = "Panasonic Electronic Components"; VariantName = "[No Variations]"
Add component (AddParameter): Name = "Manufacturer PN"; Value = "ERJ-3EKF1200V"; VariantName = "[No Variations]"
Add component (AddParameter): Name = "Package"; Value = "0603"; VariantName = "[No Variations]"
Add component (AddParameter): Name = "Value"; Value = "120"; VariantName = "[No Variations]"
Add component (AddParameter): Name = "Vendor"; Value = "DigiKey"; VariantName = "[No Variations]"
Add component (AddParameter): Name = "Vendor PN"; Value = "P120HCT-ND"; VariantName = "[No Variations]"
Added Component: Designator=R206(ERJ-3EKF1200V)
Add component (AddParameter): Name = "Manufacturer"; Value = "Panasonic Electronic Components"; VariantName = "[No Variations]"
Add component (AddParameter): Name = "Manufacturer PN"; Value = "ERJ-3EKF1200V"; VariantName = "[No Variations]"
Add component (AddParameter): Name = "Package"; Value = "0603"; VariantName = "[No Variations]"
Add component (AddParameter): Name = "Value"; Value = "120"; VariantName = "[No Variations]"
Add component (AddParameter): Name = "Vendor"; Value = "DigiKey"; VariantName = "[No Variations]"
Add component (AddParameter): Name = "Vendor PN"; Value = "P120HCT-ND"; VariantName = "[No Variations]"
Added Component: Designator=R207(ERJ-3EKF1200V)
Add component (AddParameter): Name = "Manufacturer"; Value = "Panasonic Electronic Components"; VariantName = "[No Variations]"
Add component (AddParameter): Name = "Manufacturer PN"; Value = "ERJ-3EKF1200V"; VariantName = "[No Variations]"
Add component (AddParameter): Name = "Package"; Value = "0603"; VariantName = "[No Variations]"
Add component (AddParameter): Name = "Value"; Value = "120"; VariantName = "[No Variations]"
Add component (AddParameter): Name = "Vendor"; Value = "DigiKey"; VariantName = "[No Variations]"
Add component (AddParameter): Name = "Vendor PN"; Value = "P120HCT-ND"; VariantName = "[No Variations]"
Added Component: Designator=R208(ERJ-3EKF1200V)
Add component (AddParameter): Name = "Manufacturer"; Value = "Panasonic Electronic Components"; VariantName = "[No Variations]"
Add component (AddParameter): Name = "Manufacturer PN"; Value = "ERJ-3EKF1200V"; VariantName = "[No Variations]"
Add component (AddParameter): Name = "Package"; Value = "0603"; VariantName = "[No Variations]"
Add component (AddParameter): Name = "Value"; Value = "120"; VariantName = "[No Variations]"
Add component (AddParameter): Name = "Vendor"; Value = "DigiKey"; VariantName = "[No Variations]"
Add component (AddParameter): Name = "Vendor PN"; Value = "P120HCT-ND"; VariantName = "[No Variations]"
Added Component: Designator=R209(ERJ-3EKF1200V)
Add component (AddParameter): Name = "Manufacturer"; Value = "Panasonic Electronic Components"; VariantName = "[No Variations]"
Add component (AddParameter): Name = "Manufacturer PN"; Value = "ERJ-3EKF1200V"; VariantName = "[No Variations]"
Add component (AddParameter): Name = "Package"; Value = "0603"; VariantName = "[No Variations]"
Add component (AddParameter): Name = "Value"; Value = "120"; VariantName = "[No Variations]"
Add component (AddParameter): Name = "Vendor"; Value = "DigiKey"; VariantName = "[No Variations]"
Add component (AddParameter): Name = "Vendor PN"; Value = "P120HCT-ND"; VariantName = "[No Variations]"
Added Component: Designator=R210(ERJ-3EKF1200V)
Add component (AddParameter): Name = "Manufacturer"; Value = "Panasonic Electronic Components"; VariantName = "[No Variations]"
Add component (AddParameter): Name = "Manufacturer PN"; Value = "ERJ-3EKF1200V"; VariantName = "[No Variations]"
Add component (AddParameter): Name = "Package"; Value = "0603"; VariantName = "[No Variations]"
Add component (AddParameter): Name = "Value"; Value = "120"; VariantName = "[No Variations]"
Add component (AddParameter): Name = "Vendor"; Value = "DigiKey"; VariantName = "[No Variations]"
Add component (AddParameter): Name = "Vendor PN"; Value = "P120HCT-ND"; VariantName = "[No Variations]"
Added Component: Designator=R211(ERJ-3EKF1200V)
Add component (AddParameter): Name = "Manufacturer"; Value = "Panasonic Electronic Components"; VariantName = "[No Variations]"
Add component (AddParameter): Name = "Manufacturer PN"; Value = "ERJ-3EKF1200V"; VariantName = "[No Variations]"
Add component (AddParameter): Name = "Package"; Value = "0603"; VariantName = "[No Variations]"
Add component (AddParameter): Name = "Value"; Value = "120"; VariantName = "[No Variations]"
Add component (AddParameter): Name = "Vendor"; Value = "DigiKey"; VariantName = "[No Variations]"
Add component (AddParameter): Name = "Vendor PN"; Value = "P120HCT-ND"; VariantName = "[No Variations]"
Added Component: Designator=R212(ERJ-3EKF1200V)
Add component (AddParameter): Name = "Manufacturer"; Value = "Panasonic Electronic Components"; VariantName = "[No Variations]"
Add component (AddParameter): Name = "Manufacturer PN"; Value = "ERJ-3EKF1200V"; VariantName = "[No Variations]"
Add component (AddParameter): Name = "Package"; Value = "0603"; VariantName = "[No Variations]"
Add component (AddParameter): Name = "Value"; Value = "120"; VariantName = "[No Variations]"
Add component (AddParameter): Name = "Vendor"; Value = "DigiKey"; VariantName = "[No Variations]"
Add component (AddParameter): Name = "Vendor PN"; Value = "P120HCT-ND"; VariantName = "[No Variations]"
Added Component: Designator=R213(ERJ-3EKF1200V)
Add component (AddParameter): Name = "Manufacturer"; Value = "Panasonic Electronic Components"; VariantName = "[No Variations]"
Add component (AddParameter): Name = "Manufacturer PN"; Value = "ERJ-3EKF1200V"; VariantName = "[No Variations]"
Add component (AddParameter): Name = "Package"; Value = "0603"; VariantName = "[No Variations]"
Add component (AddParameter): Name = "Value"; Value = "120"; VariantName = "[No Variations]"
Add component (AddParameter): Name = "Vendor"; Value = "DigiKey"; VariantName = "[No Variations]"
Add component (AddParameter): Name = "Vendor PN"; Value = "P120HCT-ND"; VariantName = "[No Variations]"
Added Component: Designator=R214(ERJ-3EKF1200V)
Add component (AddParameter): Name = "Manufacturer"; Value = "Panasonic Electronic Components"; VariantName = "[No Variations]"
Add component (AddParameter): Name = "Manufacturer PN"; Value = "ERJ-3EKF1200V"; VariantName = "[No Variations]"
Add component (AddParameter): Name = "Package"; Value = "0603"; VariantName = "[No Variations]"
Add component (AddParameter): Name = "Value"; Value = "120"; VariantName = "[No Variations]"
Add component (AddParameter): Name = "Vendor"; Value = "DigiKey"; VariantName = "[No Variations]"
Add component (AddParameter): Name = "Vendor PN"; Value = "P120HCT-ND"; VariantName = "[No Variations]"
Added Component: Designator=R215(ERJ-3EKF1002V)
Add component (AddParameter): Name = "Manufacturer"; Value = "Panasonic Electronic Components"; VariantName = "[No Variations]"
Add component (AddParameter): Name = "Manufacturer PN"; Value = "ERJ-3EKF1002V"; VariantName = "[No Variations]"
Add component (AddParameter): Name = "Package"; Value = "0603"; VariantName = "[No Variations]"
Add component (AddParameter): Name = "Value"; Value = "10k"; VariantName = "[No Variations]"
Add component (AddParameter): Name = "Vendor"; Value = "DigiKey"; VariantName = "[No Variations]"
Add component (AddParameter): Name = "Vendor PN"; Value = "P10.0KHCT-ND"; VariantName = "[No Variations]"
Added Component: Designator=R216(ERJ-3EKF1002V)
Add component (AddParameter): Name = "Manufacturer"; Value = "Panasonic Electronic Components"; VariantName = "[No Variations]"
Add component (AddParameter): Name = "Manufacturer PN"; Value = "ERJ-3EKF1002V"; VariantName = "[No Variations]"
Add component (AddParameter): Name = "Package"; Value = "0603"; VariantName = "[No Variations]"
Add component (AddParameter): Name = "Value"; Value = "10k"; VariantName = "[No Variations]"
Add component (AddParameter): Name = "Vendor"; Value = "DigiKey"; VariantName = "[No Variations]"
Add component (AddParameter): Name = "Vendor PN"; Value = "P10.0KHCT-ND"; VariantName = "[No Variations]"
Added Component: Designator=R301(ERJ-3EKF1002V)
Add component (AddParameter): Name = "Manufacturer"; Value = "Panasonic Electronic Components"; VariantName = "[No Variations]"
Add component (AddParameter): Name = "Manufacturer PN"; Value = "ERJ-3EKF1002V"; VariantName = "[No Variations]"
Add component (AddParameter): Name = "Package"; Value = "0603"; VariantName = "[No Variations]"
Add component (AddParameter): Name = "Value"; Value = "10k"; VariantName = "[No Variations]"
Add component (AddParameter): Name = "Vendor"; Value = "DigiKey"; VariantName = "[No Variations]"
Add component (AddParameter): Name = "Vendor PN"; Value = "P10.0KHCT-ND"; VariantName = "[No Variations]"
Added Component: Designator=R302(ERJ-3EKF11R0V)
Add component (AddParameter): Name = "Manufacturer"; Value = "Panasonic Electronic Components"; VariantName = "[No Variations]"
Add component (AddParameter): Name = "Manufacturer PN"; Value = "ERJ-3EKF11R0V"; VariantName = "[No Variations]"
Add component (AddParameter): Name = "Package"; Value = "0603"; VariantName = "[No Variations]"
Add component (AddParameter): Name = "Value"; Value = "11"; VariantName = "[No Variations]"
Add component (AddParameter): Name = "Vendor"; Value = "DigiKey"; VariantName = "[No Variations]"
Add component (AddParameter): Name = "Vendor PN"; Value = "P11.0HCT-ND"; VariantName = "[No Variations]"
Added Component: Designator=R303(ERJ-3EKF1002V)
Add component (AddParameter): Name = "Manufacturer"; Value = "Panasonic Electronic Components"; VariantName = "[No Variations]"
Add component (AddParameter): Name = "Manufacturer PN"; Value = "ERJ-3EKF1002V"; VariantName = "[No Variations]"
Add component (AddParameter): Name = "Package"; Value = "0603"; VariantName = "[No Variations]"
Add component (AddParameter): Name = "Value"; Value = "10k"; VariantName = "[No Variations]"
Add component (AddParameter): Name = "Vendor"; Value = "DigiKey"; VariantName = "[No Variations]"
Add component (AddParameter): Name = "Vendor PN"; Value = "P10.0KHCT-ND"; VariantName = "[No Variations]"
Added Component: Designator=R304(ERJ-3EKF11R0V)
Add component (AddParameter): Name = "Manufacturer"; Value = "Panasonic Electronic Components"; VariantName = "[No Variations]"
Add component (AddParameter): Name = "Manufacturer PN"; Value = "ERJ-3EKF11R0V"; VariantName = "[No Variations]"
Add component (AddParameter): Name = "Package"; Value = "0603"; VariantName = "[No Variations]"
Add component (AddParameter): Name = "Value"; Value = "11"; VariantName = "[No Variations]"
Add component (AddParameter): Name = "Vendor"; Value = "DigiKey"; VariantName = "[No Variations]"
Add component (AddParameter): Name = "Vendor PN"; Value = "P11.0HCT-ND"; VariantName = "[No Variations]"
Added Component: Designator=R401(ERJ-3EKF4700V)
Add component (AddParameter): Name = "Manufacturer"; Value = "Panasonic Electronic Components"; VariantName = "[No Variations]"
Add component (AddParameter): Name = "Manufacturer PN"; Value = "ERJ-3EKF4700V"; VariantName = "[No Variations]"
Add component (AddParameter): Name = "Package"; Value = "0603"; VariantName = "[No Variations]"
Add component (AddParameter): Name = "Value"; Value = "470"; VariantName = "[No Variations]"
Add component (AddParameter): Name = "Vendor"; Value = "DigiKey"; VariantName = "[No Variations]"
Add component (AddParameter): Name = "Vendor PN"; Value = "P470HCT-ND"; VariantName = "[No Variations]"
Added Component: Designator=R402(ERJ-3EKF1004V)
Add component (AddParameter): Name = "Manufacturer"; Value = "Panasonic Electronic Components"; VariantName = "[No Variations]"
Add component (AddParameter): Name = "Manufacturer PN"; Value = "ERJ-3EKF1004V"; VariantName = "[No Variations]"
Add component (AddParameter): Name = "Package"; Value = "0603"; VariantName = "[No Variations]"
Add component (AddParameter): Name = "Value"; Value = "1M"; VariantName = "[No Variations]"
Add component (AddParameter): Name = "Vendor"; Value = "DigiKey"; VariantName = "[No Variations]"
Add component (AddParameter): Name = "Vendor PN"; Value = "P1.00MHCT-ND"; VariantName = "[No Variations]"
Added Component: Designator=R403(ERJ-3EKF1002V)
Add component (AddParameter): Name = "Manufacturer"; Value = "Panasonic Electronic Components"; VariantName = "[No Variations]"
Add component (AddParameter): Name = "Manufacturer PN"; Value = "ERJ-3EKF1002V"; VariantName = "[No Variations]"
Add component (AddParameter): Name = "Package"; Value = "0603"; VariantName = "[No Variations]"
Add component (AddParameter): Name = "Value"; Value = "10k"; VariantName = "[No Variations]"
Add component (AddParameter): Name = "Vendor"; Value = "DigiKey"; VariantName = "[No Variations]"
Add component (AddParameter): Name = "Vendor PN"; Value = "P10.0KHCT-ND"; VariantName = "[No Variations]"
Added Component: Designator=R404(ERJ-3EKF1002V)
Add component (AddParameter): Name = "Manufacturer"; Value = "Panasonic Electronic Components"; VariantName = "[No Variations]"
Add component (AddParameter): Name = "Manufacturer PN"; Value = "ERJ-3EKF1002V"; VariantName = "[No Variations]"
Add component (AddParameter): Name = "Package"; Value = "0603"; VariantName = "[No Variations]"
Add component (AddParameter): Name = "Value"; Value = "10k"; VariantName = "[No Variations]"
Add component (AddParameter): Name = "Vendor"; Value = "DigiKey"; VariantName = "[No Variations]"
Add component (AddParameter): Name = "Vendor PN"; Value = "P10.0KHCT-ND"; VariantName = "[No Variations]"
Added Component: Designator=TP1(25-mil-TP)
Added Component: Designator=TP2(25-mil-TP)
Added Component: Designator=TP3(25-mil-TP)
Added Component: Designator=TP4(25-mil-TP)
Added Component: Designator=TP101(25-mil-TP)
Added Component: Designator=TP102(25-mil-TP)
Added Component: Designator=TP103(25-mil-TP)
Added Component: Designator=TP104(25-mil-TP)
Added Component: Designator=TP105(25-mil-TP)
Added Component: Designator=TP201(25-mil-TP)
Added Component: Designator=TP202(25-mil-TP)
Added Component: Designator=TP301(25-mil-TP)
Added Component: Designator=TP302(25-mil-TP)
Added Component: Designator=TP401(25-mil-TP)
Added Component: Designator=TP402(25-mil-TP)
Added Component: Designator=TP403(25-mil-TP)
Added Component: Designator=TP404(25-mil-TP)
Added Component: Designator=U1(MCP73831T-2ATI/OT)
Add component (AddParameter): Name = "Manufacturer"; Value = "Microchip Technology"; VariantName = "[No Variations]"
Add component (AddParameter): Name = "Manufacturer PN"; Value = "MCP73831T-2ATI/OT"; VariantName = "[No Variations]"
Add component (AddParameter): Name = "Package"; Value = "SOT-23-5"; VariantName = "[No Variations]"
Add component (AddParameter): Name = "Vendor"; Value = "DigiKey"; VariantName = "[No Variations]"
Add component (AddParameter): Name = "Vendor PN"; Value = "MCP73831T-2ATI/OTCT-ND"; VariantName = "[No Variations]"
Added Component: Designator=U2(RT6150B-33GQW)
Add component (AddParameter): Name = "Manufacturer"; Value = "Richtek USA Inc."; VariantName = "[No Variations]"
Add component (AddParameter): Name = "Manufacturer PN"; Value = "RT6150B-33GQW"; VariantName = "[No Variations]"
Add component (AddParameter): Name = "Package"; Value = "10-WDFN"; VariantName = "[No Variations]"
Add component (AddParameter): Name = "Vendor"; Value = "DigiKey"; VariantName = "[No Variations]"
Add component (AddParameter): Name = "Vendor PN"; Value = "RT6150B-33GQWCT-ND"; VariantName = "[No Variations]"
Added Component: Designator=U201(MC74HC244ADTR2G)
Add component (AddParameter): Name = "Manufacturer"; Value = "onsemi"; VariantName = "[No Variations]"
Add component (AddParameter): Name = "Manufacturer PN"; Value = "MC74HC244ADTR2G"; VariantName = "[No Variations]"
Add component (AddParameter): Name = "Package"; Value = "20-TSSOP"; VariantName = "[No Variations]"
Add component (AddParameter): Name = "Vendor"; Value = "DigiKey"; VariantName = "[No Variations]"
Add component (AddParameter): Name = "Vendor PN"; Value = "MC74HC244ADTR2GOSCT-ND"; VariantName = "[No Variations]"
Added Component: Designator=U202(MC74HC244ADTR2G)
Add component (AddParameter): Name = "Manufacturer"; Value = "onsemi"; VariantName = "[No Variations]"
Add component (AddParameter): Name = "Manufacturer PN"; Value = "MC74HC244ADTR2G"; VariantName = "[No Variations]"
Add component (AddParameter): Name = "Package"; Value = "20-TSSOP"; VariantName = "[No Variations]"
Add component (AddParameter): Name = "Vendor"; Value = "DigiKey"; VariantName = "[No Variations]"
Add component (AddParameter): Name = "Vendor PN"; Value = "MC74HC244ADTR2GOSCT-ND"; VariantName = "[No Variations]"
Added Component: Designator=U301(DMG1012UW-7)
Add component (AddParameter): Name = "Manufacturer"; Value = "Diodes Incorporated"; VariantName = "[No Variations]"
Add component (AddParameter): Name = "Manufacturer PN"; Value = "DMG1012UW-7"; VariantName = "[No Variations]"
Add component (AddParameter): Name = "Package"; Value = "SOT-323"; VariantName = "[No Variations]"
Add component (AddParameter): Name = "Vendor"; Value = "DigiKey"; VariantName = "[No Variations]"
Add component (AddParameter): Name = "Vendor PN"; Value = "DMG1012UW-7DICT-ND"; VariantName = "[No Variations]"
Added Component: Designator=U302(DMG1012UW-7)
Add component (AddParameter): Name = "Manufacturer"; Value = "Diodes Incorporated"; VariantName = "[No Variations]"
Add component (AddParameter): Name = "Manufacturer PN"; Value = "DMG1012UW-7"; VariantName = "[No Variations]"
Add component (AddParameter): Name = "Package"; Value = "SOT-323"; VariantName = "[No Variations]"
Add component (AddParameter): Name = "Vendor"; Value = "DigiKey"; VariantName = "[No Variations]"
Add component (AddParameter): Name = "Vendor PN"; Value = "DMG1012UW-7DICT-ND"; VariantName = "[No Variations]"
Added Component: Designator=U401(STM32L412C8T6)
Add component (AddParameter): Name = "Manufacturer"; Value = "STMicroelectronics"; VariantName = "[No Variations]"
Add component (AddParameter): Name = "Manufacturer PN"; Value = "STM32L412C8T6"; VariantName = "[No Variations]"
Add component (AddParameter): Name = "Package"; Value = "48-LQFP"; VariantName = "[No Variations]"
Add component (AddParameter): Name = "Vendor"; Value = "DigiKey"; VariantName = "[No Variations]"
Add component (AddParameter): Name = "Vendor PN"; Value = "497-STM32L412C8T6-ND"; VariantName = "[No Variations]"
Added Pin To Net: NetName=GND Pin=C1-1
Added Pin To Net: NetName=+5V Pin=C1-2
Added Pin To Net: NetName=GND Pin=C2-1
Added Pin To Net: NetName=NetC2_2 Pin=C2-2
Added Pin To Net: NetName=GND Pin=C3-1
Added Pin To Net: NetName=Vbatt_sw Pin=C3-2
Added Pin To Net: NetName=GND Pin=C4-1
Added Pin To Net: NetName=+3V3 Pin=C4-2
Added Pin To Net: NetName=GND Pin=C5-1
Added Pin To Net: NetName=+3V3 Pin=C5-2
Added Pin To Net: NetName=GND Pin=C101-1
Added Pin To Net: NetName=+3V3 Pin=C101-2
Added Pin To Net: NetName=GND Pin=C102-1
Added Pin To Net: NetName=+3V3 Pin=C102-2
Added Pin To Net: NetName=GND Pin=C103-1
Added Pin To Net: NetName=+3V3 Pin=C103-2
Added Pin To Net: NetName=GND Pin=C201-1
Added Pin To Net: NetName=+3V3 Pin=C201-2
Added Pin To Net: NetName=GND Pin=C202-1
Added Pin To Net: NetName=+3V3 Pin=C202-2
Added Pin To Net: NetName=GND Pin=C401-1
Added Pin To Net: NetName=+3V3 Pin=C401-2
Added Pin To Net: NetName=GND Pin=C402-1
Added Pin To Net: NetName=+3V3 Pin=C402-2
Added Pin To Net: NetName=GND Pin=C403-1
Added Pin To Net: NetName=+3V3 Pin=C403-2
Added Pin To Net: NetName=GND Pin=C404-1
Added Pin To Net: NetName=+3V3 Pin=C404-2
Added Pin To Net: NetName=GND Pin=C405-1
Added Pin To Net: NetName=+3V3 Pin=C405-2
Added Pin To Net: NetName=+3V3 Pin=J401-3
Added Pin To Net: NetName=SWDIO Pin=J401-4
Added Pin To Net: NetName=GND Pin=J401-5
Added Pin To Net: NetName=SWDCLK Pin=J401-6
Added Pin To Net: NetName=GND Pin=J401-7
Added Pin To Net: NetName=GND Pin=J401-11
Added Pin To Net: NetName=NRST Pin=J401-12
Added Pin To Net: NetName=STLINK_RX Pin=J401-13
Added Pin To Net: NetName=STLINK_TX Pin=J401-14
Added Pin To Net: NetName=+3V3 Pin=J402-1
Added Pin To Net: NetName=NetL1_1 Pin=L1-1
Added Pin To Net: NetName=NetL1_2 Pin=L1-2
Added Pin To Net: NetName=NetJ1_A5 Pin=R1-1
Added Pin To Net: NetName=GND Pin=R1-2
Added Pin To Net: NetName=NetJ1_B5 Pin=R2-1
Added Pin To Net: NetName=GND Pin=R2-2
Added Pin To Net: NetName=NetD1_1 Pin=R3-1
Added Pin To Net: NetName=NetR3_2 Pin=R3-2
Added Pin To Net: NetName=NetR4_1 Pin=R4-1
Added Pin To Net: NetName=GND Pin=R4-2
Added Pin To Net: NetName=Vbatt_sw Pin=R5-1
Added Pin To Net: NetName=NetR5_2 Pin=R5-2
Added Pin To Net: NetName=NetR5_2 Pin=R6-1
Added Pin To Net: NetName=GND Pin=R6-2
Added Pin To Net: NetName=NetJ1_A9 Pin=R7-1
Added Pin To Net: NetName=+5V Pin=R7-2
Added Pin To Net: NetName=NetC2_2 Pin=R8-1
Added Pin To Net: NetName=Vbatt Pin=R8-2
Added Pin To Net: NetName=NetR9_1 Pin=R9-1
Added Pin To Net: NetName=Vbatt_sw Pin=R9-2
Added Pin To Net: NetName=NetR10_1 Pin=R10-1
Added Pin To Net: NetName=Vbatt_sw Pin=R10-2
Added Pin To Net: NetName=+3V3 Pin=R11-1
Added Pin To Net: NetName=NetR11_2 Pin=R11-2
Added Pin To Net: NetName=NetD201_1 Pin=R201-1
Added Pin To Net: NetName=NetR201_2 Pin=R201-2
Added Pin To Net: NetName=NetD202_1 Pin=R202-1
Added Pin To Net: NetName=NetR202_2 Pin=R202-2
Added Pin To Net: NetName=NetD203_1 Pin=R203-1
Added Pin To Net: NetName=NetR203_2 Pin=R203-2
Added Pin To Net: NetName=NetD204_1 Pin=R204-1
Added Pin To Net: NetName=NetR204_2 Pin=R204-2
Added Pin To Net: NetName=NetD205_1 Pin=R205-1
Added Pin To Net: NetName=NetR205_2 Pin=R205-2
Added Pin To Net: NetName=NetD206_1 Pin=R206-1
Added Pin To Net: NetName=NetR206_2 Pin=R206-2
Added Pin To Net: NetName=NetD207_1 Pin=R207-1
Added Pin To Net: NetName=NetR207_2 Pin=R207-2
Added Pin To Net: NetName=NetD208_1 Pin=R208-1
Added Pin To Net: NetName=NetR208_2 Pin=R208-2
Added Pin To Net: NetName=NetD209_1 Pin=R209-1
Added Pin To Net: NetName=NetR209_2 Pin=R209-2
Added Pin To Net: NetName=NetD210_1 Pin=R210-1
Added Pin To Net: NetName=NetR210_2 Pin=R210-2
Added Pin To Net: NetName=NetD211_1 Pin=R211-1
Added Pin To Net: NetName=NetR211_2 Pin=R211-2
Added Pin To Net: NetName=NetD212_1 Pin=R212-1
Added Pin To Net: NetName=NetR212_2 Pin=R212-2
Added Pin To Net: NetName=NetD213_1 Pin=R213-1
Added Pin To Net: NetName=NetR213_2 Pin=R213-2
Added Pin To Net: NetName=NetD214_1 Pin=R214-1
Added Pin To Net: NetName=NetR214_2 Pin=R214-2
Added Pin To Net: NetName=+3V3 Pin=R215-1
Added Pin To Net: NetName=NetR215_2 Pin=R215-2
Added Pin To Net: NetName=+3V3 Pin=R216-1
Added Pin To Net: NetName=NetR216_2 Pin=R216-2
Added Pin To Net: NetName=NetR301_1 Pin=R301-1
Added Pin To Net: NetName=GND Pin=R301-2
Added Pin To Net: NetName=+3V3 Pin=R302-1
Added Pin To Net: NetName=NetLS1_P Pin=R302-2
Added Pin To Net: NetName=NetR303_1 Pin=R303-1
Added Pin To Net: NetName=GND Pin=R303-2
Added Pin To Net: NetName=+3V3 Pin=R304-1
Added Pin To Net: NetName=NetLS2_P Pin=R304-2
Added Pin To Net: NetName=LOW_BATT_L Pin=R401-1
Added Pin To Net: NetName=NetD401_1 Pin=R401-2
Added Pin To Net: NetName=+3V3 Pin=R402-1
Added Pin To Net: NetName=NRST Pin=R402-2
Added Pin To Net: NetName=+3V3 Pin=R403-1
Added Pin To Net: NetName=LOW_BATT_L Pin=R403-2
Added Pin To Net: NetName=GND Pin=R404-1
Added Pin To Net: NetName=+5V Pin=TP1-1
Added Pin To Net: NetName=Vbatt Pin=TP2-1
Added Pin To Net: NetName=Vbatt_sw Pin=TP3-1
Added Pin To Net: NetName=+3V3 Pin=TP4-1
Added Pin To Net: NetName=NetTP101_1 Pin=TP101-1
Added Pin To Net: NetName=NetTP102_1 Pin=TP102-1
Added Pin To Net: NetName=NetTP103_1 Pin=TP103-1
Added Pin To Net: NetName=NetTP104_1 Pin=TP104-1
Added Pin To Net: NetName=NetTP105_1 Pin=TP105-1
Added Pin To Net: NetName=NetR215_2 Pin=TP201-1
Added Pin To Net: NetName=NetR216_2 Pin=TP202-1
Added Pin To Net: NetName=NetR301_1 Pin=TP301-1
Added Pin To Net: NetName=NetR303_1 Pin=TP302-1
Added Pin To Net: NetName=LOW_BATT_L Pin=TP401-1
Added Pin To Net: NetName=STM-CLOCK-OUT Pin=TP402-1
Added Pin To Net: NetName=SPARE_GPIO_1 Pin=TP403-1
Added Pin To Net: NetName=SPARE_GPIO_2 Pin=TP404-1
Added Pin To Net: NetName=NetR3_2 Pin=U1-1
Added Pin To Net: NetName=GND Pin=U1-2
Added Pin To Net: NetName=NetC2_2 Pin=U1-3
Added Pin To Net: NetName=+5V Pin=U1-4
Added Pin To Net: NetName=NetR4_1 Pin=U1-5
Added Pin To Net: NetName=NetR11_2 Pin=U2-1
Added Pin To Net: NetName=NetL1_2 Pin=U2-2
Added Pin To Net: NetName=GND Pin=U2-3
Added Pin To Net: NetName=NetL1_1 Pin=U2-4
Added Pin To Net: NetName=Vbatt_sw Pin=U2-5
Added Pin To Net: NetName=NetR9_1 Pin=U2-6
Added Pin To Net: NetName=NetR10_1 Pin=U2-7
Added Pin To Net: NetName=Vbatt_sw Pin=U2-8
Added Pin To Net: NetName=GND Pin=U2-9
Added Pin To Net: NetName=NetR11_2 Pin=U2-10
Added Pin To Net: NetName=GND Pin=U2-11
Added Pin To Net: NetName=NetR215_2 Pin=U201-1
Added Pin To Net: NetName=NetU201_2 Pin=U201-2
Added Pin To Net: NetName=NetU201_4 Pin=U201-4
Added Pin To Net: NetName=NetR207_2 Pin=U201-5
Added Pin To Net: NetName=NetU201_6 Pin=U201-6
Added Pin To Net: NetName=NetR206_2 Pin=U201-7
Added Pin To Net: NetName=NetU201_6 Pin=U201-8
Added Pin To Net: NetName=NetR205_2 Pin=U201-9
Added Pin To Net: NetName=GND Pin=U201-10
Added Pin To Net: NetName=NetU201_6 Pin=U201-11
Added Pin To Net: NetName=NetR204_2 Pin=U201-12
Added Pin To Net: NetName=NetU201_4 Pin=U201-13
Added Pin To Net: NetName=NetR203_2 Pin=U201-14
Added Pin To Net: NetName=NetU201_2 Pin=U201-15
Added Pin To Net: NetName=NetR202_2 Pin=U201-16
Added Pin To Net: NetName=GND Pin=U201-17
Added Pin To Net: NetName=NetR201_2 Pin=U201-18
Added Pin To Net: NetName=NetR215_2 Pin=U201-19
Added Pin To Net: NetName=+3V3 Pin=U201-20
Added Pin To Net: NetName=NetR216_2 Pin=U202-1
Added Pin To Net: NetName=NetU202_2 Pin=U202-2
Added Pin To Net: NetName=NetU202_4 Pin=U202-4
Added Pin To Net: NetName=NetR214_2 Pin=U202-5
Added Pin To Net: NetName=NetU202_6 Pin=U202-6
Added Pin To Net: NetName=NetR213_2 Pin=U202-7
Added Pin To Net: NetName=NetU202_6 Pin=U202-8
Added Pin To Net: NetName=NetR212_2 Pin=U202-9
Added Pin To Net: NetName=GND Pin=U202-10
Added Pin To Net: NetName=NetU202_6 Pin=U202-11
Added Pin To Net: NetName=NetR211_2 Pin=U202-12
Added Pin To Net: NetName=NetU202_4 Pin=U202-13
Added Pin To Net: NetName=NetR210_2 Pin=U202-14
Added Pin To Net: NetName=NetU202_2 Pin=U202-15
Added Pin To Net: NetName=NetR209_2 Pin=U202-16
Added Pin To Net: NetName=GND Pin=U202-17
Added Pin To Net: NetName=NetR208_2 Pin=U202-18
Added Pin To Net: NetName=NetR216_2 Pin=U202-19
Added Pin To Net: NetName=+3V3 Pin=U202-20
Added Pin To Net: NetName=NetR301_1 Pin=U301-1
Added Pin To Net: NetName=NetLS1_N Pin=U301-2
Added Pin To Net: NetName=GND Pin=U301-3
Added Pin To Net: NetName=NetR303_1 Pin=U302-1
Added Pin To Net: NetName=NetLS2_N Pin=U302-2
Added Pin To Net: NetName=GND Pin=U302-3
Added Pin To Net: NetName=GND Pin=U401-1
Added Pin To Net: NetName=NRST Pin=U401-7
Added Pin To Net: NetName=GND Pin=U401-8
Added Pin To Net: NetName=+3V3 Pin=U401-9
Added Pin To Net: NetName=NetR5_2 Pin=U401-10
Added Pin To Net: NetName=NetTP102_1 Pin=U401-11
Added Pin To Net: NetName=STM-CLOCK-OUT Pin=U401-12
Added Pin To Net: NetName=NetR303_1 Pin=U401-13
Added Pin To Net: NetName=NetTP101_1 Pin=U401-14
Added Pin To Net: NetName=NetR215_2 Pin=U401-15
Added Pin To Net: NetName=NetTP104_1 Pin=U401-16
Added Pin To Net: NetName=NetTP103_1 Pin=U401-17
Added Pin To Net: NetName=NetTP105_1 Pin=U401-18
Added Pin To Net: NetName=SPARE_GPIO_1 Pin=U401-22
Added Pin To Net: NetName=GND Pin=U401-23
Added Pin To Net: NetName=+3V3 Pin=U401-24
Added Pin To Net: NetName=SPARE_GPIO_2 Pin=U401-25
Added Pin To Net: NetName=NetR301_1 Pin=U401-27
Added Pin To Net: NetName=LOW_BATT_L Pin=U401-29
Added Pin To Net: NetName=STLINK_RX Pin=U401-30
Added Pin To Net: NetName=STLINK_TX Pin=U401-31
Added Pin To Net: NetName=SWDIO Pin=U401-34
Added Pin To Net: NetName=GND Pin=U401-35
Added Pin To Net: NetName=GND Pin=U401-36
Added Pin To Net: NetName=SWDCLK Pin=U401-37
Added Pin To Net: NetName=NetR216_2 Pin=U401-39
Added Pin To Net: NetName=NetU202_2 Pin=U401-40
Added Pin To Net: NetName=NetU202_4 Pin=U401-41
Added Pin To Net: NetName=NetU202_6 Pin=U401-42
Added Pin To Net: NetName=NetU201_2 Pin=U401-43
Added Pin To Net: NetName=NetU201_4 Pin=U401-45
Added Pin To Net: NetName=NetU201_6 Pin=U401-46
Added Pin To Net: NetName=GND Pin=U401-47
Added Pin To Net: NetName=+3V3 Pin=U401-48
Added Pin To Net: NetName=NetJ402_2 Pin=J402-2
Added Pin To Net: NetName=NetJ402_2 Pin=R404-2
Added Pin To Net: NetName=NetJ402_2 Pin=U401-44
Added Net: Name=NetJ402_2
Added Member To Class: ClassName=bici-power Member=Component C1 GMC10X7R475K10NT
Added Member To Class: ClassName=bici-power Member=Component C2 GMC10X7R475K10NT
Added Member To Class: ClassName=bici-power Member=Component C3 GRM188R60J106ME47D
Added Member To Class: ClassName=bici-power Member=Component C4 GRM188R60J106ME47D
Added Member To Class: ClassName=bici-power Member=Component C5 GRM188R60J106ME47D
Added Member To Class: ClassName=bici-imu Member=Component C101 KGM15AR70J104JT
Added Member To Class: ClassName=bici-imu Member=Component C102 GRM188R61E225KA12D
Added Member To Class: ClassName=bici-imu Member=Component C103 KGM15AV51H103ZT
Added Member To Class: ClassName=bici-turn-lights Member=Component C201 KGM15AR70J104JT
Added Member To Class: ClassName=bici-turn-lights Member=Component C202 KGM15AR70J104JT
Added Member To Class: ClassName=bici-mcu Member=Component C401 GMC10X7R475K10NT
Added Member To Class: ClassName=bici-mcu Member=Component C402 KGM15AR70J104JT
Added Member To Class: ClassName=bici-mcu Member=Component C403 KGM15AR70J104JT
Added Member To Class: ClassName=bici-mcu Member=Component C404 KGM15AR70J104JT
Added Member To Class: ClassName=bici-mcu Member=Component C405 KGM15AR70J104JT
Added Member To Class: ClassName=bici-mcu Member=Component J401 3220-14-0100-00
Added Member To Class: ClassName=bici-mcu Member=Component J402 100-mil-JUMPER
Added Member To Class: ClassName=bici-power Member=Component L1 CIGW252010GL2R2MNE
Added Member To Class: ClassName=bici-power Member=Component R1 RC0603FR-075K1L
Added Member To Class: ClassName=bici-power Member=Component R2 RC0603FR-075K1L
Added Member To Class: ClassName=bici-power Member=Component R3 ERJ-3EKF4700V
Added Member To Class: ClassName=bici-power Member=Component R4 ERJ-3EKF2001V
Added Member To Class: ClassName=bici-power Member=Component R5 ERJ-3EKF1004V
Added Member To Class: ClassName=bici-power Member=Component R6 ERJ-3EKF1004V
Added Member To Class: ClassName=bici-power Member=Component R7 ERJ-3GEY0R00V
Added Member To Class: ClassName=bici-power Member=Component R8 ERJ-3GEY0R00V
Added Member To Class: ClassName=bici-power Member=Component R9 ERJ-3GEY0R00V
Added Member To Class: ClassName=bici-power Member=Component R10 ERJ-3GEY0R00V
Added Member To Class: ClassName=bici-power Member=Component R11 ERJ-3GEY0R00V
Added Member To Class: ClassName=bici-turn-lights Member=Component R201 ERJ-3EKF1200V
Added Member To Class: ClassName=bici-turn-lights Member=Component R202 ERJ-3EKF1200V
Added Member To Class: ClassName=bici-turn-lights Member=Component R203 ERJ-3EKF1200V
Added Member To Class: ClassName=bici-turn-lights Member=Component R204 ERJ-3EKF1200V
Added Member To Class: ClassName=bici-turn-lights Member=Component R205 ERJ-3EKF1200V
Added Member To Class: ClassName=bici-turn-lights Member=Component R206 ERJ-3EKF1200V
Added Member To Class: ClassName=bici-turn-lights Member=Component R207 ERJ-3EKF1200V
Added Member To Class: ClassName=bici-turn-lights Member=Component R208 ERJ-3EKF1200V
Added Member To Class: ClassName=bici-turn-lights Member=Component R209 ERJ-3EKF1200V
Added Member To Class: ClassName=bici-turn-lights Member=Component R210 ERJ-3EKF1200V
Added Member To Class: ClassName=bici-turn-lights Member=Component R211 ERJ-3EKF1200V
Added Member To Class: ClassName=bici-turn-lights Member=Component R212 ERJ-3EKF1200V
Added Member To Class: ClassName=bici-turn-lights Member=Component R213 ERJ-3EKF1200V
Added Member To Class: ClassName=bici-turn-lights Member=Component R214 ERJ-3EKF1200V
Added Member To Class: ClassName=bici-turn-lights Member=Component R215 ERJ-3EKF1002V
Added Member To Class: ClassName=bici-turn-lights Member=Component R216 ERJ-3EKF1002V
Added Member To Class: ClassName=bici-turn-audio Member=Component R301 ERJ-3EKF1002V
Added Member To Class: ClassName=bici-turn-audio Member=Component R302 ERJ-3EKF11R0V
Added Member To Class: ClassName=bici-turn-audio Member=Component R303 ERJ-3EKF1002V
Added Member To Class: ClassName=bici-turn-audio Member=Component R304 ERJ-3EKF11R0V
Added Member To Class: ClassName=bici-mcu Member=Component R401 ERJ-3EKF4700V
Added Member To Class: ClassName=bici-mcu Member=Component R402 ERJ-3EKF1004V
Added Member To Class: ClassName=bici-mcu Member=Component R403 ERJ-3EKF1002V
Added Member To Class: ClassName=bici-mcu Member=Component R404 ERJ-3EKF1002V
Added Member To Class: ClassName=bici-power Member=Component TP1 25-mil-TP
Added Member To Class: ClassName=bici-power Member=Component TP2 25-mil-TP
Added Member To Class: ClassName=bici-power Member=Component TP3 25-mil-TP
Added Member To Class: ClassName=bici-power Member=Component TP4 25-mil-TP
Added Member To Class: ClassName=bici-imu Member=Component TP101 25-mil-TP
Added Member To Class: ClassName=bici-imu Member=Component TP102 25-mil-TP
Added Member To Class: ClassName=bici-imu Member=Component TP103 25-mil-TP
Added Member To Class: ClassName=bici-imu Member=Component TP104 25-mil-TP
Added Member To Class: ClassName=bici-imu Member=Component TP105 25-mil-TP
Added Member To Class: ClassName=bici-turn-lights Member=Component TP201 25-mil-TP
Added Member To Class: ClassName=bici-turn-lights Member=Component TP202 25-mil-TP
Added Member To Class: ClassName=bici-turn-audio Member=Component TP301 25-mil-TP
Added Member To Class: ClassName=bici-turn-audio Member=Component TP302 25-mil-TP
Added Member To Class: ClassName=bici-mcu Member=Component TP401 25-mil-TP
Added Member To Class: ClassName=bici-mcu Member=Component TP402 25-mil-TP
Added Member To Class: ClassName=bici-mcu Member=Component TP403 25-mil-TP
Added Member To Class: ClassName=bici-mcu Member=Component TP404 25-mil-TP
Added Member To Class: ClassName=bici-power Member=Component U1 MCP73831T-2ATI/OT
Added Member To Class: ClassName=bici-power Member=Component U2 RT6150B-33GQW
Added Member To Class: ClassName=bici-turn-lights Member=Component U201 MC74HC244ADTR2G
Added Member To Class: ClassName=bici-turn-lights Member=Component U202 MC74HC244ADTR2G
Added Member To Class: ClassName=bici-turn-audio Member=Component U301 DMG1012UW-7
Added Member To Class: ClassName=bici-turn-audio Member=Component U302 DMG1012UW-7
Added Member To Class: ClassName=bici-mcu Member=Component U401 STM32L412C8T6
